<?xml version="1.0" encoding="UTF-8"?>
<testsuite xmlns:xsi="http://www.w3.org/2001/XMLSchema-instance" xsi:noNamespaceSchemaLocation="https://maven.apache.org/surefire/maven-surefire-plugin/xsd/surefire-test-report-3.0.xsd" version="3.0" name="com.example.StudentAnalyzerTest" time="0.057" tests="7" errors="0" skipped="0" failures="0">
  <properties>
[...]
</properties>
  <testcase name="countExcellentStudents_invalidOnly" classname="com.example.StudentAnalyzerTest" time="0.025"/>
  <testcase name="calculateValidAverage_basicCase" classname="com.example.StudentAnalyzerTest" time="0.001"/>
  <testcase name="countExcellentStudents_basicCase" classname="com.example.StudentAnalyzerTest" time="0.001"/>
  <testcase name="calculateValidAverage_emptyList" classname="com.example.StudentAnalyzerTest" time="0.001"/>
  <testcase name="countExcellentStudents_emptyList" classname="com.example.StudentAnalyzerTest" time="0.001"/>
  <testcase name="calculateValidAverage_invalidOnly" classname="com.example.StudentAnalyzerTest" time="0.001"/>
  <testcase name="calculateValidAverage_boundariesIncluded" classname="com.example.StudentAnalyzerTest" time="0.001"/>
</testsuite>